<?xml version="1.0" encoding="UTF-8"?>
<testsuite xmlns:xsi="http://www.w3.org/2001/XMLSchema-instance" xsi:noNamespaceSchemaLocation="https://maven.apache.org/surefire/maven-surefire-plugin/xsd/surefire-test-report-3.0.xsd" version="3.0" name="CITest" time="0.477" tests="5" errors="0" skipped="4" failures="1">
  <properties>
[...]
</properties>
  <testcase name="beforeClass" classname="CITest" time="0.342">
    <failure message="The driver executable must exist: C:\Users\aviya\Desktop\JavaCI-main\JavaCI-main\JavaCITest\JavaCITest\XXXXXXXXXXX" type="java.lang.IllegalStateException"><![CDATA[java.lang.IllegalStateException: The driver executable must exist: C:\Users\aviya\Desktop\JavaCI-main\JavaCI-main\JavaCITest\JavaCITest\XXXXXXXXXXX
	at CITest.beforeClass(CITest.java:16)
]]></failure>
  </testcase>
  <testcase name="test01_enterText" classname="CITest" time="0">
    <skipped message="The driver executable must exist: C:\Users\aviya\Desktop\JavaCI-main\JavaCI-main\JavaCITest\JavaCITest\XXXXXXXXXXX"/>
  </testcase>
  <testcase name="test02_clickButton" classname="CITest" time="0">
    <skipped message="The driver executable must exist: C:\Users\aviya\Desktop\JavaCI-main\JavaCI-main\JavaCITest\JavaCITest\XXXXXXXXXXX"/>
  </testcase>
  <testcase name="test03_assertText" classname="CITest" time="0">
    <skipped message="The driver executable must exist: C:\Users\aviya\Desktop\JavaCI-main\JavaCI-main\JavaCITest\JavaCITest\XXXXXXXXXXX"/>
  </testcase>
  <testcase name="afterClass" classname="CITest" time="0">
    <skipped/>
  </testcase>
</testsuite>